{"D:\\document\\kampus merdeka\\BINAR\\chapter 8\\ch\\challange-8-binar\\app\\controllers\\ApplicationController.js": {"path":"D:\\document\\kampus merdeka\\BINAR\\chapter 8\\ch\\challange-8-binar\\app\\controllers\\ApplicationController.js","statementMap":{"0":{"start":{"line":1,"column":26},"end":{"line":1,"column":46}},"1":{"start":{"line":4,"column":18},"end":{"line":9,"column":3}},"2":{"start":{"line":5,"column":4},"end":{"line":8,"column":7}},"3":{"start":{"line":11,"column":19},"end":{"line":21,"column":3}},"4":{"start":{"line":12,"column":16},"end":{"line":12,"column":54}},"5":{"start":{"line":14,"column":4},"end":{"line":20,"column":7}},"6":{"start":{"line":23,"column":16},"end":{"line":31,"column":3}},"7":{"start":{"line":24,"column":4},"end":{"line":30,"column":7}},"8":{"start":{"line":34,"column":40},"end":{"line":34,"column":49}},"9":{"start":{"line":35,"column":19},"end":{"line":35,"column":40}},"10":{"start":{"line":36,"column":4},"end":{"line":36,"column":18}},"11":{"start":{"line":40,"column":40},"end":{"line":40,"column":49}},"12":{"start":{"line":41,"column":22},"end":{"line":41,"column":49}},"13":{"start":{"line":42,"column":4},"end":{"line":47,"column":6}},"14":{"start":{"line":51,"column":0},"end":{"line":51,"column":39}}},"fnMap":{"0":{"name":"(anonymous_0)","decl":{"start":{"line":4,"column":18},"end":{"line":4,"column":19}},"loc":{"start":{"line":4,"column":32},"end":{"line":9,"column":3}},"line":4},"1":{"name":"(anonymous_1)","decl":{"start":{"line":11,"column":19},"end":{"line":11,"column":20}},"loc":{"start":{"line":11,"column":33},"end":{"line":21,"column":3}},"line":11},"2":{"name":"(anonymous_2)","decl":{"start":{"line":23,"column":16},"end":{"line":23,"column":17}},"loc":{"start":{"line":23,"column":41},"end":{"line":31,"column":3}},"line":23},"3":{"name":"(anonymous_3)","decl":{"start":{"line":33,"column":2},"end":{"line":33,"column":3}},"loc":{"start":{"line":33,"column":28},"end":{"line":37,"column":3}},"line":33},"4":{"name":"(anonymous_4)","decl":{"start":{"line":39,"column":2},"end":{"line":39,"column":3}},"loc":{"start":{"line":39,"column":36},"end":{"line":48,"column":3}},"line":39}},"branchMap":{"0":{"loc":{"start":{"line":28,"column":17},"end":{"line":28,"column":36}},"type":"binary-expr","locations":[{"start":{"line":28,"column":17},"end":{"line":28,"column":28}},{"start":{"line":28,"column":32},"end":{"line":28,"column":36}}],"line":28},"1":{"loc":{"start":{"line":34,"column":12},"end":{"line":34,"column":20}},"type":"default-arg","locations":[{"start":{"line":34,"column":19},"end":{"line":34,"column":20}}],"line":34},"2":{"loc":{"start":{"line":34,"column":22},"end":{"line":34,"column":35}},"type":"default-arg","locations":[{"start":{"line":34,"column":33},"end":{"line":34,"column":35}}],"line":34},"3":{"loc":{"start":{"line":40,"column":12},"end":{"line":40,"column":20}},"type":"default-arg","locations":[{"start":{"line":40,"column":19},"end":{"line":40,"column":20}}],"line":40},"4":{"loc":{"start":{"line":40,"column":22},"end":{"line":40,"column":35}},"type":"default-arg","locations":[{"start":{"line":40,"column":33},"end":{"line":40,"column":35}}],"line":40}},"s":{"0":3,"1":17,"2":1,"3":17,"4":1,"5":1,"6":17,"7":1,"8":1,"9":1,"10":1,"11":1,"12":1,"13":1,"14":3},"f":{"0":1,"1":1,"2":1,"3":1,"4":1},"b":{"0":[1,1],"1":[0],"2":[0],"3":[0],"4":[0]},"_coverageSchema":"1a1c01bbd47fc00a2c39e90264f33305004495a9","hash":"d4205b4eda6f5f723e3ae40248572d6a4aad1efe"}
,"D:\\document\\kampus merdeka\\BINAR\\chapter 8\\ch\\challange-8-binar\\app\\controllers\\AuthenticationController.js": {"path":"D:\\document\\kampus merdeka\\BINAR\\chapter 8\\ch\\challange-8-binar\\app\\controllers\\AuthenticationController.js","statementMap":{"0":{"start":{"line":1,"column":30},"end":{"line":1,"column":64}},"1":{"start":{"line":2,"column":102},"end":{"line":2,"column":122}},"2":{"start":{"line":3,"column":30},"end":{"line":3,"column":65}},"3":{"start":{"line":12,"column":4},"end":{"line":12,"column":12}},"4":{"start":{"line":13,"column":4},"end":{"line":13,"column":31}},"5":{"start":{"line":14,"column":4},"end":{"line":14,"column":31}},"6":{"start":{"line":15,"column":4},"end":{"line":15,"column":25}},"7":{"start":{"line":16,"column":4},"end":{"line":16,"column":19}},"8":{"start":{"line":19,"column":18},"end":{"line":23,"column":3}},"9":{"start":{"line":25,"column":13},"end":{"line":48,"column":3}},"10":{"start":{"line":26,"column":4},"end":{"line":47,"column":5}},"11":{"start":{"line":27,"column":6},"end":{"line":46,"column":7}},"12":{"start":{"line":28,"column":22},"end":{"line":28,"column":68}},"13":{"start":{"line":29,"column":24},"end":{"line":29,"column":47}},"14":{"start":{"line":31,"column":8},"end":{"line":32,"column":65}},"15":{"start":{"line":32,"column":10},"end":{"line":32,"column":65}},"16":{"start":{"line":34,"column":8},"end":{"line":34,"column":27}},"17":{"start":{"line":35,"column":8},"end":{"line":35,"column":15}},"18":{"start":{"line":39,"column":8},"end":{"line":45,"column":10}},"19":{"start":{"line":50,"column":16},"end":{"line":83,"column":3}},"20":{"start":{"line":51,"column":4},"end":{"line":82,"column":5}},"21":{"start":{"line":52,"column":20},"end":{"line":52,"column":48}},"22":{"start":{"line":53,"column":23},"end":{"line":53,"column":40}},"23":{"start":{"line":54,"column":19},"end":{"line":57,"column":8}},"24":{"start":{"line":59,"column":6},"end":{"line":63,"column":7}},"25":{"start":{"line":60,"column":20},"end":{"line":60,"column":54}},"26":{"start":{"line":61,"column":8},"end":{"line":61,"column":34}},"27":{"start":{"line":62,"column":8},"end":{"line":62,"column":15}},"28":{"start":{"line":65,"column":32},"end":{"line":65,"column":85}},"29":{"start":{"line":67,"column":6},"end":{"line":71,"column":7}},"30":{"start":{"line":68,"column":20},"end":{"line":68,"column":44}},"31":{"start":{"line":69,"column":8},"end":{"line":69,"column":34}},"32":{"start":{"line":70,"column":8},"end":{"line":70,"column":15}},"33":{"start":{"line":73,"column":26},"end":{"line":73,"column":67}},"34":{"start":{"line":75,"column":6},"end":{"line":77,"column":8}},"35":{"start":{"line":81,"column":6},"end":{"line":81,"column":16}},"36":{"start":{"line":85,"column":19},"end":{"line":119,"column":3}},"37":{"start":{"line":86,"column":4},"end":{"line":118,"column":5}},"38":{"start":{"line":87,"column":19},"end":{"line":87,"column":32}},"39":{"start":{"line":88,"column":20},"end":{"line":88,"column":48}},"40":{"start":{"line":89,"column":23},"end":{"line":89,"column":40}},"41":{"start":{"line":90,"column":25},"end":{"line":90,"column":77}},"42":{"start":{"line":92,"column":6},"end":{"line":96,"column":7}},"43":{"start":{"line":93,"column":20},"end":{"line":93,"column":53}},"44":{"start":{"line":94,"column":8},"end":{"line":94,"column":34}},"45":{"start":{"line":95,"column":8},"end":{"line":95,"column":15}},"46":{"start":{"line":98,"column":19},"end":{"line":100,"column":8}},"47":{"start":{"line":102,"column":19},"end":{"line":107,"column":8}},"48":{"start":{"line":109,"column":26},"end":{"line":109,"column":62}},"49":{"start":{"line":111,"column":6},"end":{"line":113,"column":8}},"50":{"start":{"line":117,"column":6},"end":{"line":117,"column":16}},"51":{"start":{"line":121,"column":18},"end":{"line":139,"column":3}},"52":{"start":{"line":122,"column":17},"end":{"line":122,"column":59}},"53":{"start":{"line":124,"column":4},"end":{"line":128,"column":5}},"54":{"start":{"line":125,"column":18},"end":{"line":125,"column":62}},"55":{"start":{"line":126,"column":6},"end":{"line":126,"column":31}},"56":{"start":{"line":127,"column":6},"end":{"line":127,"column":13}},"57":{"start":{"line":130,"column":17},"end":{"line":130,"column":59}},"58":{"start":{"line":132,"column":4},"end":{"line":136,"column":5}},"59":{"start":{"line":133,"column":18},"end":{"line":133,"column":62}},"60":{"start":{"line":134,"column":6},"end":{"line":134,"column":31}},"61":{"start":{"line":135,"column":6},"end":{"line":135,"column":13}},"62":{"start":{"line":138,"column":4},"end":{"line":138,"column":31}},"63":{"start":{"line":141,"column":24},"end":{"line":152,"column":3}},"64":{"start":{"line":142,"column":4},"end":{"line":151,"column":26}},"65":{"start":{"line":155,"column":4},"end":{"line":155,"column":53}},"66":{"start":{"line":158,"column":20},"end":{"line":160,"column":3}},"67":{"start":{"line":159,"column":4},"end":{"line":159,"column":46}},"68":{"start":{"line":162,"column":19},"end":{"line":164,"column":3}},"69":{"start":{"line":163,"column":4},"end":{"line":163,"column":63}},"70":{"start":{"line":167,"column":0},"end":{"line":167,"column":42}}},"fnMap":{"0":{"name":"(anonymous_0)","decl":{"start":{"line":6,"column":2},"end":{"line":6,"column":3}},"loc":{"start":{"line":11,"column":5},"end":{"line":17,"column":3}},"line":11},"1":{"name":"(anonymous_1)","decl":{"start":{"line":25,"column":13},"end":{"line":25,"column":14}},"loc":{"start":{"line":25,"column":27},"end":{"line":48,"column":3}},"line":25},"2":{"name":"(anonymous_2)","decl":{"start":{"line":26,"column":11},"end":{"line":26,"column":12}},"loc":{"start":{"line":26,"column":31},"end":{"line":47,"column":5}},"line":26},"3":{"name":"(anonymous_3)","decl":{"start":{"line":50,"column":16},"end":{"line":50,"column":17}},"loc":{"start":{"line":50,"column":42},"end":{"line":83,"column":3}},"line":50},"4":{"name":"(anonymous_4)","decl":{"start":{"line":85,"column":19},"end":{"line":85,"column":20}},"loc":{"start":{"line":85,"column":45},"end":{"line":119,"column":3}},"line":85},"5":{"name":"(anonymous_5)","decl":{"start":{"line":121,"column":18},"end":{"line":121,"column":19}},"loc":{"start":{"line":121,"column":38},"end":{"line":139,"column":3}},"line":121},"6":{"name":"(anonymous_6)","decl":{"start":{"line":141,"column":24},"end":{"line":141,"column":25}},"loc":{"start":{"line":141,"column":40},"end":{"line":152,"column":3}},"line":141},"7":{"name":"(anonymous_7)","decl":{"start":{"line":154,"column":2},"end":{"line":154,"column":3}},"loc":{"start":{"line":154,"column":21},"end":{"line":156,"column":3}},"line":154},"8":{"name":"(anonymous_8)","decl":{"start":{"line":158,"column":20},"end":{"line":158,"column":21}},"loc":{"start":{"line":158,"column":34},"end":{"line":160,"column":3}},"line":158},"9":{"name":"(anonymous_9)","decl":{"start":{"line":162,"column":19},"end":{"line":162,"column":20}},"loc":{"start":{"line":162,"column":52},"end":{"line":164,"column":3}},"line":162}},"branchMap":{"0":{"loc":{"start":{"line":31,"column":8},"end":{"line":32,"column":65}},"type":"if","locations":[{"start":{"line":31,"column":8},"end":{"line":32,"column":65}},{"start":{},"end":{}}],"line":31},"1":{"loc":{"start":{"line":31,"column":12},"end":{"line":31,"column":55}},"type":"binary-expr","locations":[{"start":{"line":31,"column":12},"end":{"line":31,"column":22}},{"start":{"line":31,"column":26},"end":{"line":31,"column":55}}],"line":31},"2":{"loc":{"start":{"line":43,"column":21},"end":{"line":43,"column":40}},"type":"binary-expr","locations":[{"start":{"line":43,"column":21},"end":{"line":43,"column":32}},{"start":{"line":43,"column":36},"end":{"line":43,"column":40}}],"line":43},"3":{"loc":{"start":{"line":59,"column":6},"end":{"line":63,"column":7}},"type":"if","locations":[{"start":{"line":59,"column":6},"end":{"line":63,"column":7}},{"start":{},"end":{}}],"line":59},"4":{"loc":{"start":{"line":67,"column":6},"end":{"line":71,"column":7}},"type":"if","locations":[{"start":{"line":67,"column":6},"end":{"line":71,"column":7}},{"start":{},"end":{}}],"line":67},"5":{"loc":{"start":{"line":92,"column":6},"end":{"line":96,"column":7}},"type":"if","locations":[{"start":{"line":92,"column":6},"end":{"line":96,"column":7}},{"start":{},"end":{}}],"line":92},"6":{"loc":{"start":{"line":124,"column":4},"end":{"line":128,"column":5}},"type":"if","locations":[{"start":{"line":124,"column":4},"end":{"line":128,"column":5}},{"start":{},"end":{}}],"line":124},"7":{"loc":{"start":{"line":132,"column":4},"end":{"line":136,"column":5}},"type":"if","locations":[{"start":{"line":132,"column":4},"end":{"line":136,"column":5}},{"start":{},"end":{}}],"line":132}},"s":{"0":1,"1":1,"2":1,"3":6,"4":6,"5":6,"6":6,"7":6,"8":6,"9":6,"10":1,"11":0,"12":0,"13":0,"14":0,"15":0,"16":0,"17":0,"18":0,"19":6,"20":0,"21":0,"22":0,"23":0,"24":0,"25":0,"26":0,"27":0,"28":0,"29":0,"30":0,"31":0,"32":0,"33":0,"34":0,"35":0,"36":6,"37":1,"38":1,"39":1,"40":0,"41":0,"42":0,"43":0,"44":0,"45":0,"46":0,"47":0,"48":0,"49":0,"50":1,"51":6,"52":0,"53":0,"54":0,"55":0,"56":0,"57":0,"58":0,"59":0,"60":0,"61":0,"62":0,"63":6,"64":1,"65":1,"66":6,"67":1,"68":6,"69":1,"70":1},"f":{"0":6,"1":1,"2":0,"3":0,"4":1,"5":0,"6":1,"7":1,"8":1,"9":1},"b":{"0":[0,0],"1":[0,0],"2":[0,0],"3":[0,0],"4":[0,0],"5":[0,0],"6":[0,0],"7":[0,0]},"_coverageSchema":"1a1c01bbd47fc00a2c39e90264f33305004495a9","hash":"8cdf2c18498aa0ea42b52a0c18d6e2dbb9a6ac80"}
,"D:\\document\\kampus merdeka\\BINAR\\chapter 8\\ch\\challange-8-binar\\app\\controllers\\CarController.js": {"path":"D:\\document\\kampus merdeka\\BINAR\\chapter 8\\ch\\challange-8-binar\\app\\controllers\\CarController.js","statementMap":{"0":{"start":{"line":1,"column":15},"end":{"line":1,"column":35}},"1":{"start":{"line":2,"column":30},"end":{"line":2,"column":64}},"2":{"start":{"line":6,"column":4},"end":{"line":6,"column":12}},"3":{"start":{"line":7,"column":4},"end":{"line":7,"column":29}},"4":{"start":{"line":8,"column":4},"end":{"line":8,"column":37}},"5":{"start":{"line":9,"column":4},"end":{"line":9,"column":23}},"6":{"start":{"line":12,"column":19},"end":{"line":26,"column":3}},"7":{"start":{"line":13,"column":19},"end":{"line":13,"column":49}},"8":{"start":{"line":14,"column":18},"end":{"line":14,"column":36}},"9":{"start":{"line":15,"column":18},"end":{"line":15,"column":51}},"10":{"start":{"line":16,"column":17},"end":{"line":16,"column":51}},"11":{"start":{"line":17,"column":21},"end":{"line":17,"column":95}},"12":{"start":{"line":18,"column":23},"end":{"line":18,"column":64}},"13":{"start":{"line":20,"column":4},"end":{"line":25,"column":7}},"14":{"start":{"line":28,"column":17},"end":{"line":32,"column":3}},"15":{"start":{"line":29,"column":16},"end":{"line":29,"column":49}},"16":{"start":{"line":31,"column":4},"end":{"line":31,"column":30}},"17":{"start":{"line":34,"column":20},"end":{"line":62,"column":3}},"18":{"start":{"line":35,"column":4},"end":{"line":61,"column":5}},"19":{"start":{"line":41,"column":10},"end":{"line":41,"column":18}},"20":{"start":{"line":43,"column":18},"end":{"line":49,"column":8}},"21":{"start":{"line":51,"column":6},"end":{"line":51,"column":32}},"22":{"start":{"line":55,"column":6},"end":{"line":60,"column":9}},"23":{"start":{"line":64,"column":18},"end":{"line":102,"column":3}},"24":{"start":{"line":65,"column":4},"end":{"line":101,"column":5}},"25":{"start":{"line":66,"column":43},"end":{"line":66,"column":51}},"26":{"start":{"line":67,"column":18},"end":{"line":67,"column":51}},"27":{"start":{"line":69,"column":6},"end":{"line":69,"column":78}},"28":{"start":{"line":69,"column":24},"end":{"line":69,"column":78}},"29":{"start":{"line":71,"column":25},"end":{"line":81,"column":8}},"30":{"start":{"line":83,"column":6},"end":{"line":87,"column":7}},"31":{"start":{"line":84,"column":20},"end":{"line":84,"column":50}},"32":{"start":{"line":85,"column":8},"end":{"line":85,"column":33}},"33":{"start":{"line":86,"column":8},"end":{"line":86,"column":15}},"34":{"start":{"line":89,"column":22},"end":{"line":94,"column":8}},"35":{"start":{"line":96,"column":6},"end":{"line":96,"column":35}},"36":{"start":{"line":100,"column":6},"end":{"line":100,"column":16}},"37":{"start":{"line":104,"column":20},"end":{"line":134,"column":3}},"38":{"start":{"line":105,"column":4},"end":{"line":133,"column":5}},"39":{"start":{"line":111,"column":10},"end":{"line":111,"column":18}},"40":{"start":{"line":113,"column":18},"end":{"line":113,"column":45}},"41":{"start":{"line":115,"column":6},"end":{"line":121,"column":9}},"42":{"start":{"line":123,"column":6},"end":{"line":123,"column":32}},"43":{"start":{"line":127,"column":6},"end":{"line":132,"column":9}},"44":{"start":{"line":136,"column":20},"end":{"line":139,"column":3}},"45":{"start":{"line":137,"column":16},"end":{"line":137,"column":58}},"46":{"start":{"line":138,"column":4},"end":{"line":138,"column":26}},"47":{"start":{"line":142,"column":4},"end":{"line":142,"column":49}},"48":{"start":{"line":146,"column":34},"end":{"line":146,"column":43}},"49":{"start":{"line":147,"column":19},"end":{"line":147,"column":49}},"50":{"start":{"line":148,"column":18},"end":{"line":148,"column":42}},"51":{"start":{"line":149,"column":18},"end":{"line":149,"column":20}},"52":{"start":{"line":150,"column":20},"end":{"line":154,"column":5}},"53":{"start":{"line":156,"column":4},"end":{"line":156,"column":34}},"54":{"start":{"line":156,"column":16},"end":{"line":156,"column":34}},"55":{"start":{"line":157,"column":4},"end":{"line":163,"column":5}},"56":{"start":{"line":158,"column":6},"end":{"line":162,"column":7}},"57":{"start":{"line":165,"column":18},"end":{"line":170,"column":5}},"58":{"start":{"line":172,"column":4},"end":{"line":172,"column":17}},"59":{"start":{"line":176,"column":0},"end":{"line":176,"column":31}}},"fnMap":{"0":{"name":"(anonymous_0)","decl":{"start":{"line":5,"column":2},"end":{"line":5,"column":3}},"loc":{"start":{"line":5,"column":49},"end":{"line":10,"column":3}},"line":5},"1":{"name":"(anonymous_1)","decl":{"start":{"line":12,"column":19},"end":{"line":12,"column":20}},"loc":{"start":{"line":12,"column":39},"end":{"line":26,"column":3}},"line":12},"2":{"name":"(anonymous_2)","decl":{"start":{"line":28,"column":17},"end":{"line":28,"column":18}},"loc":{"start":{"line":28,"column":37},"end":{"line":32,"column":3}},"line":28},"3":{"name":"(anonymous_3)","decl":{"start":{"line":34,"column":20},"end":{"line":34,"column":21}},"loc":{"start":{"line":34,"column":40},"end":{"line":62,"column":3}},"line":34},"4":{"name":"(anonymous_4)","decl":{"start":{"line":64,"column":18},"end":{"line":64,"column":19}},"loc":{"start":{"line":64,"column":44},"end":{"line":102,"column":3}},"line":64},"5":{"name":"(anonymous_5)","decl":{"start":{"line":104,"column":20},"end":{"line":104,"column":21}},"loc":{"start":{"line":104,"column":40},"end":{"line":134,"column":3}},"line":104},"6":{"name":"(anonymous_6)","decl":{"start":{"line":136,"column":20},"end":{"line":136,"column":21}},"loc":{"start":{"line":136,"column":40},"end":{"line":139,"column":3}},"line":136},"7":{"name":"(anonymous_7)","decl":{"start":{"line":141,"column":2},"end":{"line":141,"column":3}},"loc":{"start":{"line":141,"column":25},"end":{"line":143,"column":3}},"line":141},"8":{"name":"(anonymous_8)","decl":{"start":{"line":145,"column":2},"end":{"line":145,"column":3}},"loc":{"start":{"line":145,"column":31},"end":{"line":173,"column":3}},"line":145}},"branchMap":{"0":{"loc":{"start":{"line":69,"column":6},"end":{"line":69,"column":78}},"type":"if","locations":[{"start":{"line":69,"column":6},"end":{"line":69,"column":78}},{"start":{},"end":{}}],"line":69},"1":{"loc":{"start":{"line":83,"column":6},"end":{"line":87,"column":7}},"type":"if","locations":[{"start":{"line":83,"column":6},"end":{"line":87,"column":7}},{"start":{},"end":{}}],"line":83},"2":{"loc":{"start":{"line":148,"column":18},"end":{"line":148,"column":42}},"type":"binary-expr","locations":[{"start":{"line":148,"column":18},"end":{"line":148,"column":36}},{"start":{"line":148,"column":40},"end":{"line":148,"column":42}}],"line":148},"3":{"loc":{"start":{"line":156,"column":4},"end":{"line":156,"column":34}},"type":"if","locations":[{"start":{"line":156,"column":4},"end":{"line":156,"column":34}},{"start":{},"end":{}}],"line":156},"4":{"loc":{"start":{"line":157,"column":4},"end":{"line":163,"column":5}},"type":"if","locations":[{"start":{"line":157,"column":4},"end":{"line":163,"column":5}},{"start":{},"end":{}}],"line":157}},"s":{"0":1,"1":1,"2":6,"3":6,"4":6,"5":6,"6":6,"7":0,"8":0,"9":0,"10":0,"11":0,"12":0,"13":0,"14":6,"15":1,"16":1,"17":6,"18":2,"19":2,"20":2,"21":1,"22":1,"23":6,"24":0,"25":0,"26":0,"27":0,"28":0,"29":0,"30":0,"31":0,"32":0,"33":0,"34":0,"35":0,"36":0,"37":6,"38":0,"39":0,"40":0,"41":0,"42":0,"43":0,"44":6,"45":1,"46":1,"47":4,"48":0,"49":0,"50":0,"51":0,"52":0,"53":0,"54":0,"55":0,"56":0,"57":0,"58":0,"59":1},"f":{"0":6,"1":0,"2":1,"3":2,"4":0,"5":0,"6":1,"7":4,"8":0},"b":{"0":[0,0],"1":[0,0],"2":[0,0],"3":[0,0],"4":[0,0]},"_coverageSchema":"1a1c01bbd47fc00a2c39e90264f33305004495a9","hash":"f6f6a5f24441a1d1116049669628e5900c9295a2"}
,"D:\\document\\kampus merdeka\\BINAR\\chapter 8\\ch\\challange-8-binar\\app\\errors\\ApplicationError.js": {"path":"D:\\document\\kampus merdeka\\BINAR\\chapter 8\\ch\\challange-8-binar\\app\\errors\\ApplicationError.js","statementMap":{"0":{"start":{"line":3,"column":4},"end":{"line":3,"column":14}},"1":{"start":{"line":7,"column":4},"end":{"line":13,"column":5}},"2":{"start":{"line":17,"column":0},"end":{"line":17,"column":34}}},"fnMap":{"0":{"name":"(anonymous_0)","decl":{"start":{"line":2,"column":2},"end":{"line":2,"column":3}},"loc":{"start":{"line":2,"column":16},"end":{"line":4,"column":3}},"line":2},"1":{"name":"(anonymous_1)","decl":{"start":{"line":6,"column":2},"end":{"line":6,"column":3}},"loc":{"start":{"line":6,"column":11},"end":{"line":14,"column":3}},"line":6}},"branchMap":{},"s":{"0":0,"1":0,"2":3},"f":{"0":0,"1":0},"b":{},"_coverageSchema":"1a1c01bbd47fc00a2c39e90264f33305004495a9","hash":"2158bb5b500ee1003ab79cdf71b7bd8a33c89319"}
,"D:\\document\\kampus merdeka\\BINAR\\chapter 8\\ch\\challange-8-binar\\app\\errors\\CarAlreadyRentedError.js": {"path":"D:\\document\\kampus merdeka\\BINAR\\chapter 8\\ch\\challange-8-binar\\app\\errors\\CarAlreadyRentedError.js","statementMap":{"0":{"start":{"line":1,"column":25},"end":{"line":1,"column":54}},"1":{"start":{"line":5,"column":4},"end":{"line":5,"column":45}},"2":{"start":{"line":9,"column":4},"end":{"line":9,"column":18}},"3":{"start":{"line":13,"column":0},"end":{"line":13,"column":39}}},"fnMap":{"0":{"name":"(anonymous_0)","decl":{"start":{"line":4,"column":2},"end":{"line":4,"column":3}},"loc":{"start":{"line":4,"column":19},"end":{"line":6,"column":3}},"line":4},"1":{"name":"(anonymous_1)","decl":{"start":{"line":8,"column":2},"end":{"line":8,"column":3}},"loc":{"start":{"line":8,"column":16},"end":{"line":10,"column":3}},"line":8}},"branchMap":{},"s":{"0":3,"1":0,"2":0,"3":3},"f":{"0":0,"1":0},"b":{},"_coverageSchema":"1a1c01bbd47fc00a2c39e90264f33305004495a9","hash":"2683b31bee85ee7b8c050b949a1148b61409b480"}
,"D:\\document\\kampus merdeka\\BINAR\\chapter 8\\ch\\challange-8-binar\\app\\errors\\EmailNotRegisteredError.js": {"path":"D:\\document\\kampus merdeka\\BINAR\\chapter 8\\ch\\challange-8-binar\\app\\errors\\EmailNotRegisteredError.js","statementMap":{"0":{"start":{"line":1,"column":25},"end":{"line":1,"column":54}},"1":{"start":{"line":5,"column":4},"end":{"line":5,"column":41}},"2":{"start":{"line":6,"column":4},"end":{"line":6,"column":23}},"3":{"start":{"line":10,"column":4},"end":{"line":10,"column":32}},"4":{"start":{"line":14,"column":0},"end":{"line":14,"column":41}}},"fnMap":{"0":{"name":"(anonymous_0)","decl":{"start":{"line":4,"column":2},"end":{"line":4,"column":3}},"loc":{"start":{"line":4,"column":21},"end":{"line":7,"column":3}},"line":4},"1":{"name":"(anonymous_1)","decl":{"start":{"line":9,"column":2},"end":{"line":9,"column":3}},"loc":{"start":{"line":9,"column":16},"end":{"line":11,"column":3}},"line":9}},"branchMap":{},"s":{"0":3,"1":0,"2":0,"3":0,"4":3},"f":{"0":0,"1":0},"b":{},"_coverageSchema":"1a1c01bbd47fc00a2c39e90264f33305004495a9","hash":"eb30b014c8c58a0efb0274b8adc5e44ce20745a9"}
,"D:\\document\\kampus merdeka\\BINAR\\chapter 8\\ch\\challange-8-binar\\app\\errors\\InsufficientAccessError.js": {"path":"D:\\document\\kampus merdeka\\BINAR\\chapter 8\\ch\\challange-8-binar\\app\\errors\\InsufficientAccessError.js","statementMap":{"0":{"start":{"line":1,"column":25},"end":{"line":1,"column":54}},"1":{"start":{"line":5,"column":4},"end":{"line":5,"column":31}},"2":{"start":{"line":6,"column":4},"end":{"line":6,"column":21}},"3":{"start":{"line":10,"column":4},"end":{"line":13,"column":5}},"4":{"start":{"line":17,"column":0},"end":{"line":17,"column":41}}},"fnMap":{"0":{"name":"(anonymous_0)","decl":{"start":{"line":4,"column":2},"end":{"line":4,"column":3}},"loc":{"start":{"line":4,"column":20},"end":{"line":7,"column":3}},"line":4},"1":{"name":"(anonymous_1)","decl":{"start":{"line":9,"column":2},"end":{"line":9,"column":3}},"loc":{"start":{"line":9,"column":16},"end":{"line":14,"column":3}},"line":9}},"branchMap":{},"s":{"0":3,"1":1,"2":1,"3":1,"4":3},"f":{"0":1,"1":1},"b":{},"_coverageSchema":"1a1c01bbd47fc00a2c39e90264f33305004495a9","hash":"527b2f95f808e3edcd59b2b2debff29b777f5c2a"}
,"D:\\document\\kampus merdeka\\BINAR\\chapter 8\\ch\\challange-8-binar\\app\\errors\\NotFoundError.js": {"path":"D:\\document\\kampus merdeka\\BINAR\\chapter 8\\ch\\challange-8-binar\\app\\errors\\NotFoundError.js","statementMap":{"0":{"start":{"line":1,"column":25},"end":{"line":1,"column":54}},"1":{"start":{"line":5,"column":4},"end":{"line":5,"column":23}},"2":{"start":{"line":6,"column":4},"end":{"line":6,"column":25}},"3":{"start":{"line":7,"column":4},"end":{"line":7,"column":19}},"4":{"start":{"line":11,"column":4},"end":{"line":14,"column":5}},"5":{"start":{"line":18,"column":0},"end":{"line":18,"column":31}}},"fnMap":{"0":{"name":"(anonymous_0)","decl":{"start":{"line":4,"column":2},"end":{"line":4,"column":3}},"loc":{"start":{"line":4,"column":27},"end":{"line":8,"column":3}},"line":4},"1":{"name":"(anonymous_1)","decl":{"start":{"line":10,"column":2},"end":{"line":10,"column":3}},"loc":{"start":{"line":10,"column":16},"end":{"line":15,"column":3}},"line":10}},"branchMap":{},"s":{"0":3,"1":2,"2":2,"3":2,"4":2,"5":3},"f":{"0":2,"1":2},"b":{},"_coverageSchema":"1a1c01bbd47fc00a2c39e90264f33305004495a9","hash":"f20ec5d77e4a010cffa8774b3a21859175bf2cd8"}
,"D:\\document\\kampus merdeka\\BINAR\\chapter 8\\ch\\challange-8-binar\\app\\errors\\WrongPasswordError.js": {"path":"D:\\document\\kampus merdeka\\BINAR\\chapter 8\\ch\\challange-8-binar\\app\\errors\\WrongPasswordError.js","statementMap":{"0":{"start":{"line":1,"column":25},"end":{"line":1,"column":54}},"1":{"start":{"line":5,"column":4},"end":{"line":5,"column":38}},"2":{"start":{"line":9,"column":0},"end":{"line":9,"column":36}}},"fnMap":{"0":{"name":"(anonymous_0)","decl":{"start":{"line":4,"column":2},"end":{"line":4,"column":3}},"loc":{"start":{"line":4,"column":16},"end":{"line":6,"column":3}},"line":4}},"branchMap":{},"s":{"0":3,"1":0,"2":3},"f":{"0":0},"b":{},"_coverageSchema":"1a1c01bbd47fc00a2c39e90264f33305004495a9","hash":"7fdea7c2013469e1e838592c08bce9f47c964a8d"}
,"D:\\document\\kampus merdeka\\BINAR\\chapter 8\\ch\\challange-8-binar\\app\\errors\\index.js": {"path":"D:\\document\\kampus merdeka\\BINAR\\chapter 8\\ch\\challange-8-binar\\app\\errors\\index.js","statementMap":{"0":{"start":{"line":1,"column":30},"end":{"line":1,"column":64}},"1":{"start":{"line":2,"column":32},"end":{"line":2,"column":68}},"2":{"start":{"line":3,"column":32},"end":{"line":3,"column":68}},"3":{"start":{"line":4,"column":22},"end":{"line":4,"column":48}},"4":{"start":{"line":5,"column":27},"end":{"line":5,"column":58}},"5":{"start":{"line":7,"column":0},"end":{"line":13,"column":1}}},"fnMap":{},"branchMap":{},"s":{"0":3,"1":3,"2":3,"3":3,"4":3,"5":3},"f":{},"b":{},"_coverageSchema":"1a1c01bbd47fc00a2c39e90264f33305004495a9","hash":"f35f0c8b0ffb468644237e1ead49bda8691ba914"}
,"D:\\document\\kampus merdeka\\BINAR\\chapter 8\\ch\\challange-8-binar\\app\\models\\car.js": {"path":"D:\\document\\kampus merdeka\\BINAR\\chapter 8\\ch\\challange-8-binar\\app\\models\\car.js","statementMap":{"0":{"start":{"line":4,"column":4},"end":{"line":4,"column":24}},"1":{"start":{"line":5,"column":0},"end":{"line":44,"column":2}},"2":{"start":{"line":13,"column":6},"end":{"line":16,"column":8}},"3":{"start":{"line":33,"column":2},"end":{"line":42,"column":5}},"4":{"start":{"line":43,"column":2},"end":{"line":43,"column":13}}},"fnMap":{"0":{"name":"(anonymous_0)","decl":{"start":{"line":5,"column":17},"end":{"line":5,"column":18}},"loc":{"start":{"line":5,"column":43},"end":{"line":44,"column":1}},"line":5},"1":{"name":"(anonymous_1)","decl":{"start":{"line":12,"column":4},"end":{"line":12,"column":5}},"loc":{"start":{"line":12,"column":29},"end":{"line":17,"column":5}},"line":12}},"branchMap":{},"s":{"0":2,"1":2,"2":2,"3":2,"4":2},"f":{"0":2,"1":2},"b":{},"_coverageSchema":"1a1c01bbd47fc00a2c39e90264f33305004495a9","hash":"c4118303071ed8486e3293a7679452e68334a7c0"}
,"D:\\document\\kampus merdeka\\BINAR\\chapter 8\\ch\\challange-8-binar\\app\\models\\index.js": {"path":"D:\\document\\kampus merdeka\\BINAR\\chapter 8\\ch\\challange-8-binar\\app\\models\\index.js","statementMap":{"0":{"start":{"line":3,"column":11},"end":{"line":3,"column":24}},"1":{"start":{"line":4,"column":13},"end":{"line":4,"column":28}},"2":{"start":{"line":5,"column":18},"end":{"line":5,"column":38}},"3":{"start":{"line":6,"column":17},"end":{"line":6,"column":42}},"4":{"start":{"line":7,"column":12},"end":{"line":7,"column":49}},"5":{"start":{"line":8,"column":15},"end":{"line":8,"column":68}},"6":{"start":{"line":9,"column":11},"end":{"line":9,"column":13}},"7":{"start":{"line":12,"column":0},"end":{"line":16,"column":1}},"8":{"start":{"line":13,"column":2},"end":{"line":13,"column":74}},"9":{"start":{"line":15,"column":2},"end":{"line":15,"column":87}},"10":{"start":{"line":18,"column":0},"end":{"line":26,"column":5}},"11":{"start":{"line":21,"column":4},"end":{"line":21,"column":90}},"12":{"start":{"line":24,"column":18},"end":{"line":24,"column":85}},"13":{"start":{"line":25,"column":4},"end":{"line":25,"column":27}},"14":{"start":{"line":28,"column":0},"end":{"line":32,"column":3}},"15":{"start":{"line":29,"column":2},"end":{"line":31,"column":3}},"16":{"start":{"line":30,"column":4},"end":{"line":30,"column":32}},"17":{"start":{"line":34,"column":0},"end":{"line":34,"column":25}},"18":{"start":{"line":35,"column":0},"end":{"line":35,"column":25}},"19":{"start":{"line":37,"column":0},"end":{"line":37,"column":20}}},"fnMap":{"0":{"name":"(anonymous_0)","decl":{"start":{"line":20,"column":10},"end":{"line":20,"column":11}},"loc":{"start":{"line":20,"column":18},"end":{"line":22,"column":3}},"line":20},"1":{"name":"(anonymous_1)","decl":{"start":{"line":23,"column":11},"end":{"line":23,"column":12}},"loc":{"start":{"line":23,"column":19},"end":{"line":26,"column":3}},"line":23},"2":{"name":"(anonymous_2)","decl":{"start":{"line":28,"column":24},"end":{"line":28,"column":25}},"loc":{"start":{"line":28,"column":37},"end":{"line":32,"column":1}},"line":28}},"branchMap":{"0":{"loc":{"start":{"line":7,"column":12},"end":{"line":7,"column":49}},"type":"binary-expr","locations":[{"start":{"line":7,"column":12},"end":{"line":7,"column":32}},{"start":{"line":7,"column":36},"end":{"line":7,"column":49}}],"line":7},"1":{"loc":{"start":{"line":12,"column":0},"end":{"line":16,"column":1}},"type":"if","locations":[{"start":{"line":12,"column":0},"end":{"line":16,"column":1}},{"start":{"line":14,"column":7},"end":{"line":16,"column":1}}],"line":12},"2":{"loc":{"start":{"line":21,"column":11},"end":{"line":21,"column":89}},"type":"binary-expr","locations":[{"start":{"line":21,"column":12},"end":{"line":21,"column":35}},{"start":{"line":21,"column":41},"end":{"line":21,"column":58}},{"start":{"line":21,"column":64},"end":{"line":21,"column":88}}],"line":21},"3":{"loc":{"start":{"line":29,"column":2},"end":{"line":31,"column":3}},"type":"if","locations":[{"start":{"line":29,"column":2},"end":{"line":31,"column":3}},{"start":{},"end":{}}],"line":29}},"s":{"0":2,"1":2,"2":2,"3":2,"4":2,"5":2,"6":2,"7":2,"8":0,"9":2,"10":2,"11":10,"12":8,"13":8,"14":2,"15":8,"16":8,"17":2,"18":2,"19":2},"f":{"0":10,"1":8,"2":8},"b":{"0":[2,0],"1":[0,2],"2":[10,10,8],"3":[8,0]},"_coverageSchema":"1a1c01bbd47fc00a2c39e90264f33305004495a9","hash":"55bc8135b78e3407bdbe96aa6c306c9806faaec2"}
,"D:\\document\\kampus merdeka\\BINAR\\chapter 8\\ch\\challange-8-binar\\app\\models\\role.js": {"path":"D:\\document\\kampus merdeka\\BINAR\\chapter 8\\ch\\challange-8-binar\\app\\models\\role.js","statementMap":{"0":{"start":{"line":4,"column":4},"end":{"line":4,"column":24}},"1":{"start":{"line":5,"column":0},"end":{"line":23,"column":2}},"2":{"start":{"line":13,"column":6},"end":{"line":13,"column":58}},"3":{"start":{"line":16,"column":2},"end":{"line":21,"column":5}},"4":{"start":{"line":22,"column":2},"end":{"line":22,"column":14}}},"fnMap":{"0":{"name":"(anonymous_0)","decl":{"start":{"line":5,"column":17},"end":{"line":5,"column":18}},"loc":{"start":{"line":5,"column":43},"end":{"line":23,"column":1}},"line":5},"1":{"name":"(anonymous_1)","decl":{"start":{"line":12,"column":4},"end":{"line":12,"column":5}},"loc":{"start":{"line":12,"column":29},"end":{"line":14,"column":5}},"line":12}},"branchMap":{},"s":{"0":2,"1":2,"2":2,"3":2,"4":2},"f":{"0":2,"1":2},"b":{},"_coverageSchema":"1a1c01bbd47fc00a2c39e90264f33305004495a9","hash":"eae717f3924e7d4902553de4529444a225b67c7f"}
,"D:\\document\\kampus merdeka\\BINAR\\chapter 8\\ch\\challange-8-binar\\app\\models\\user.js": {"path":"D:\\document\\kampus merdeka\\BINAR\\chapter 8\\ch\\challange-8-binar\\app\\models\\user.js","statementMap":{"0":{"start":{"line":4,"column":4},"end":{"line":4,"column":24}},"1":{"start":{"line":5,"column":0},"end":{"line":40,"column":2}},"2":{"start":{"line":13,"column":6},"end":{"line":15,"column":9}},"3":{"start":{"line":19,"column":6},"end":{"line":26,"column":7}},"4":{"start":{"line":29,"column":2},"end":{"line":38,"column":5}},"5":{"start":{"line":39,"column":2},"end":{"line":39,"column":14}}},"fnMap":{"0":{"name":"(anonymous_0)","decl":{"start":{"line":5,"column":17},"end":{"line":5,"column":18}},"loc":{"start":{"line":5,"column":43},"end":{"line":40,"column":1}},"line":5},"1":{"name":"(anonymous_1)","decl":{"start":{"line":12,"column":4},"end":{"line":12,"column":5}},"loc":{"start":{"line":12,"column":29},"end":{"line":16,"column":5}},"line":12},"2":{"name":"(anonymous_2)","decl":{"start":{"line":18,"column":4},"end":{"line":18,"column":5}},"loc":{"start":{"line":18,"column":13},"end":{"line":27,"column":5}},"line":18}},"branchMap":{},"s":{"0":2,"1":2,"2":2,"3":0,"4":2,"5":2},"f":{"0":2,"1":2,"2":0},"b":{},"_coverageSchema":"1a1c01bbd47fc00a2c39e90264f33305004495a9","hash":"93a49814a7ab66731381881d85f530c90eda6746"}
,"D:\\document\\kampus merdeka\\BINAR\\chapter 8\\ch\\challange-8-binar\\app\\models\\usercar.js": {"path":"D:\\document\\kampus merdeka\\BINAR\\chapter 8\\ch\\challange-8-binar\\app\\models\\usercar.js","statementMap":{"0":{"start":{"line":4,"column":4},"end":{"line":4,"column":24}},"1":{"start":{"line":5,"column":0},"end":{"line":32,"column":2}},"2":{"start":{"line":13,"column":6},"end":{"line":15,"column":9}},"3":{"start":{"line":17,"column":6},"end":{"line":19,"column":9}},"4":{"start":{"line":22,"column":2},"end":{"line":30,"column":5}},"5":{"start":{"line":31,"column":2},"end":{"line":31,"column":17}}},"fnMap":{"0":{"name":"(anonymous_0)","decl":{"start":{"line":5,"column":17},"end":{"line":5,"column":18}},"loc":{"start":{"line":5,"column":43},"end":{"line":32,"column":1}},"line":5},"1":{"name":"(anonymous_1)","decl":{"start":{"line":12,"column":4},"end":{"line":12,"column":5}},"loc":{"start":{"line":12,"column":29},"end":{"line":20,"column":5}},"line":12}},"branchMap":{},"s":{"0":2,"1":2,"2":2,"3":2,"4":2,"5":2},"f":{"0":2,"1":2},"b":{},"_coverageSchema":"1a1c01bbd47fc00a2c39e90264f33305004495a9","hash":"bd37cd3ee7cb82fcc07ef588f54fff2449ee9937"}
,"D:\\document\\kampus merdeka\\BINAR\\chapter 8\\ch\\challange-8-binar\\config\\application.js": {"path":"D:\\document\\kampus merdeka\\BINAR\\chapter 8\\ch\\challange-8-binar\\config\\application.js","statementMap":{"0":{"start":{"line":1,"column":0},"end":{"line":4,"column":1}}},"fnMap":{},"branchMap":{"0":{"loc":{"start":{"line":3,"column":21},"end":{"line":3,"column":63}},"type":"binary-expr","locations":[{"start":{"line":3,"column":21},"end":{"line":3,"column":50}},{"start":{"line":3,"column":54},"end":{"line":3,"column":63}}],"line":3}},"s":{"0":1},"f":{},"b":{"0":[1,1]},"_coverageSchema":"1a1c01bbd47fc00a2c39e90264f33305004495a9","hash":"84d8cd75d9594034bfd987c58b4a4b512809aa89"}
,"D:\\document\\kampus merdeka\\BINAR\\chapter 8\\ch\\challange-8-binar\\config\\database.js": {"path":"D:\\document\\kampus merdeka\\BINAR\\chapter 8\\ch\\challange-8-binar\\config\\database.js","statementMap":{"0":{"start":{"line":7,"column":4},"end":{"line":7,"column":15}},"1":{"start":{"line":9,"column":0},"end":{"line":34,"column":2}}},"fnMap":{},"branchMap":{"0":{"loc":{"start":{"line":2,"column":2},"end":{"line":2,"column":22}},"type":"default-arg","locations":[{"start":{"line":2,"column":12},"end":{"line":2,"column":22}}],"line":2},"1":{"loc":{"start":{"line":3,"column":2},"end":{"line":3,"column":28}},"type":"default-arg","locations":[{"start":{"line":3,"column":16},"end":{"line":3,"column":28}}],"line":3},"2":{"loc":{"start":{"line":4,"column":2},"end":{"line":4,"column":17}},"type":"default-arg","locations":[{"start":{"line":4,"column":12},"end":{"line":4,"column":17}}],"line":4},"3":{"loc":{"start":{"line":5,"column":2},"end":{"line":5,"column":23}},"type":"default-arg","locations":[{"start":{"line":5,"column":12},"end":{"line":5,"column":23}}],"line":5},"4":{"loc":{"start":{"line":6,"column":2},"end":{"line":6,"column":18}},"type":"default-arg","locations":[{"start":{"line":6,"column":12},"end":{"line":6,"column":18}}],"line":6}},"s":{"0":2,"1":2},"f":{},"b":{"0":[2],"1":[2],"2":[2],"3":[2],"4":[2]},"_coverageSchema":"1a1c01bbd47fc00a2c39e90264f33305004495a9","hash":"90c2e5eb99b38aa41e63bfa5dd5f06445e2bcac1"}
}
