TN:
SF:app\controllers\ApplicationController.js
FN:4,(anonymous_0)
FN:11,(anonymous_1)
FN:23,(anonymous_2)
FN:33,(anonymous_3)
FN:39,(anonymous_4)
FNF:5
FNH:5
FNDA:1,(anonymous_0)
FNDA:1,(anonymous_1)
FNDA:1,(anonymous_2)
FNDA:1,(anonymous_3)
FNDA:1,(anonymous_4)
DA:1,3
DA:4,17
DA:5,1
DA:11,17
DA:12,1
DA:14,1
DA:23,17
DA:24,1
DA:34,1
DA:35,1
DA:36,1
DA:40,1
DA:41,1
DA:42,1
DA:51,3
LF:15
LH:15
BRDA:28,0,0,1
BRDA:28,0,1,1
BRDA:34,1,0,0
BRDA:34,2,0,0
BRDA:40,3,0,0
BRDA:40,4,0,0
BRF:6
BRH:2
end_of_record
TN:
SF:app\controllers\AuthenticationController.js
FN:6,(anonymous_0)
FN:25,(anonymous_1)
FN:26,(anonymous_2)
FN:50,(anonymous_3)
FN:85,(anonymous_4)
FN:121,(anonymous_5)
FN:141,(anonymous_6)
FN:154,(anonymous_7)
FN:158,(anonymous_8)
FN:162,(anonymous_9)
FNF:10
FNH:7
FNDA:6,(anonymous_0)
FNDA:1,(anonymous_1)
FNDA:0,(anonymous_2)
FNDA:0,(anonymous_3)
FNDA:1,(anonymous_4)
FNDA:0,(anonymous_5)
FNDA:1,(anonymous_6)
FNDA:1,(anonymous_7)
FNDA:1,(anonymous_8)
FNDA:1,(anonymous_9)
DA:1,1
DA:2,1
DA:3,1
DA:12,6
DA:13,6
DA:14,6
DA:15,6
DA:16,6
DA:19,6
DA:25,6
DA:26,1
DA:27,0
DA:28,0
DA:29,0
DA:31,0
DA:32,0
DA:34,0
DA:35,0
DA:39,0
DA:50,6
DA:51,0
DA:52,0
DA:53,0
DA:54,0
DA:59,0
DA:60,0
DA:61,0
DA:62,0
DA:65,0
DA:67,0
DA:68,0
DA:69,0
DA:70,0
DA:73,0
DA:75,0
DA:81,0
DA:85,6
DA:86,1
DA:87,1
DA:88,1
DA:89,0
DA:90,0
DA:92,0
DA:93,0
DA:94,0
DA:95,0
DA:98,0
DA:102,0
DA:109,0
DA:111,0
DA:117,1
DA:121,6
DA:122,0
DA:124,0
DA:125,0
DA:126,0
DA:127,0
DA:130,0
DA:132,0
DA:133,0
DA:134,0
DA:135,0
DA:138,0
DA:141,6
DA:142,1
DA:155,1
DA:158,6
DA:159,1
DA:162,6
DA:163,1
DA:167,1
LF:71
LH:26
BRDA:31,0,0,0
BRDA:31,0,1,0
BRDA:31,1,0,0
BRDA:31,1,1,0
BRDA:43,2,0,0
BRDA:43,2,1,0
BRDA:59,3,0,0
BRDA:59,3,1,0
BRDA:67,4,0,0
BRDA:67,4,1,0
BRDA:92,5,0,0
BRDA:92,5,1,0
BRDA:124,6,0,0
BRDA:124,6,1,0
BRDA:132,7,0,0
BRDA:132,7,1,0
BRF:16
BRH:0
end_of_record
TN:
SF:app\controllers\CarController.js
FN:5,(anonymous_0)
FN:12,(anonymous_1)
FN:28,(anonymous_2)
FN:34,(anonymous_3)
FN:64,(anonymous_4)
FN:104,(anonymous_5)
FN:136,(anonymous_6)
FN:141,(anonymous_7)
FN:145,(anonymous_8)
FNF:9
FNH:5
FNDA:6,(anonymous_0)
FNDA:0,(anonymous_1)
FNDA:1,(anonymous_2)
FNDA:2,(anonymous_3)
FNDA:0,(anonymous_4)
FNDA:0,(anonymous_5)
FNDA:1,(anonymous_6)
FNDA:4,(anonymous_7)
FNDA:0,(anonymous_8)
DA:1,1
DA:2,1
DA:6,6
DA:7,6
DA:8,6
DA:9,6
DA:12,6
DA:13,0
DA:14,0
DA:15,0
DA:16,0
DA:17,0
DA:18,0
DA:20,0
DA:28,6
DA:29,1
DA:31,1
DA:34,6
DA:35,2
DA:41,2
DA:43,2
DA:51,1
DA:55,1
DA:64,6
DA:65,0
DA:66,0
DA:67,0
DA:69,0
DA:71,0
DA:83,0
DA:84,0
DA:85,0
DA:86,0
DA:89,0
DA:96,0
DA:100,0
DA:104,6
DA:105,0
DA:111,0
DA:113,0
DA:115,0
DA:123,0
DA:127,0
DA:136,6
DA:137,1
DA:138,1
DA:142,4
DA:146,0
DA:147,0
DA:148,0
DA:149,0
DA:150,0
DA:156,0
DA:157,0
DA:158,0
DA:165,0
DA:172,0
DA:176,1
LF:58
LH:23
BRDA:69,0,0,0
BRDA:69,0,1,0
BRDA:83,1,0,0
BRDA:83,1,1,0
BRDA:148,2,0,0
BRDA:148,2,1,0
BRDA:156,3,0,0
BRDA:156,3,1,0
BRDA:157,4,0,0
BRDA:157,4,1,0
BRF:10
BRH:0
end_of_record
TN:
SF:app\errors\ApplicationError.js
FN:2,(anonymous_0)
FN:6,(anonymous_1)
FNF:2
FNH:0
FNDA:0,(anonymous_0)
FNDA:0,(anonymous_1)
DA:3,0
DA:7,0
DA:17,3
LF:3
LH:1
BRF:0
BRH:0
end_of_record
TN:
SF:app\errors\CarAlreadyRentedError.js
FN:4,(anonymous_0)
FN:8,(anonymous_1)
FNF:2
FNH:0
FNDA:0,(anonymous_0)
FNDA:0,(anonymous_1)
DA:1,3
DA:5,0
DA:9,0
DA:13,3
LF:4
LH:2
BRF:0
BRH:0
end_of_record
TN:
SF:app\errors\EmailNotRegisteredError.js
FN:4,(anonymous_0)
FN:9,(anonymous_1)
FNF:2
FNH:0
FNDA:0,(anonymous_0)
FNDA:0,(anonymous_1)
DA:1,3
DA:5,0
DA:6,0
DA:10,0
DA:14,3
LF:5
LH:2
BRF:0
BRH:0
end_of_record
TN:
SF:app\errors\InsufficientAccessError.js
FN:4,(anonymous_0)
FN:9,(anonymous_1)
FNF:2
FNH:2
FNDA:1,(anonymous_0)
FNDA:1,(anonymous_1)
DA:1,3
DA:5,1
DA:6,1
DA:10,1
DA:17,3
LF:5
LH:5
BRF:0
BRH:0
end_of_record
TN:
SF:app\errors\NotFoundError.js
FN:4,(anonymous_0)
FN:10,(anonymous_1)
FNF:2
FNH:2
FNDA:2,(anonymous_0)
FNDA:2,(anonymous_1)
DA:1,3
DA:5,2
DA:6,2
DA:7,2
DA:11,2
DA:18,3
LF:6
LH:6
BRF:0
BRH:0
end_of_record
TN:
SF:app\errors\WrongPasswordError.js
FN:4,(anonymous_0)
FNF:1
FNH:0
FNDA:0,(anonymous_0)
DA:1,3
DA:5,0
DA:9,3
LF:3
LH:2
BRF:0
BRH:0
end_of_record
TN:
SF:app\errors\index.js
FNF:0
FNH:0
DA:1,3
DA:2,3
DA:3,3
DA:4,3
DA:5,3
DA:7,3
LF:6
LH:6
BRF:0
BRH:0
end_of_record
TN:
SF:app\models\car.js
FN:5,(anonymous_0)
FN:12,(anonymous_1)
FNF:2
FNH:2
FNDA:2,(anonymous_0)
FNDA:2,(anonymous_1)
DA:4,2
DA:5,2
DA:13,2
DA:33,2
DA:43,2
LF:5
LH:5
BRF:0
BRH:0
end_of_record
TN:
SF:app\models\index.js
FN:20,(anonymous_0)
FN:23,(anonymous_1)
FN:28,(anonymous_2)
FNF:3
FNH:3
FNDA:10,(anonymous_0)
FNDA:8,(anonymous_1)
FNDA:8,(anonymous_2)
DA:3,2
DA:4,2
DA:5,2
DA:6,2
DA:7,2
DA:8,2
DA:9,2
DA:12,2
DA:13,0
DA:15,2
DA:18,2
DA:21,10
DA:24,8
DA:25,8
DA:28,2
DA:29,8
DA:30,8
DA:34,2
DA:35,2
DA:37,2
LF:20
LH:19
BRDA:7,0,0,2
BRDA:7,0,1,0
BRDA:12,1,0,0
BRDA:12,1,1,2
BRDA:21,2,0,10
BRDA:21,2,1,10
BRDA:21,2,2,8
BRDA:29,3,0,8
BRDA:29,3,1,0
BRF:9
BRH:6
end_of_record
TN:
SF:app\models\role.js
FN:5,(anonymous_0)
FN:12,(anonymous_1)
FNF:2
FNH:2
FNDA:2,(anonymous_0)
FNDA:2,(anonymous_1)
DA:4,2
DA:5,2
DA:13,2
DA:16,2
DA:22,2
LF:5
LH:5
BRF:0
BRH:0
end_of_record
TN:
SF:app\models\user.js
FN:5,(anonymous_0)
FN:12,(anonymous_1)
FN:18,(anonymous_2)
FNF:3
FNH:2
FNDA:2,(anonymous_0)
FNDA:2,(anonymous_1)
FNDA:0,(anonymous_2)
DA:4,2
DA:5,2
DA:13,2
DA:19,0
DA:29,2
DA:39,2
LF:6
LH:5
BRF:0
BRH:0
end_of_record
TN:
SF:app\models\usercar.js
FN:5,(anonymous_0)
FN:12,(anonymous_1)
FNF:2
FNH:2
FNDA:2,(anonymous_0)
FNDA:2,(anonymous_1)
DA:4,2
DA:5,2
DA:13,2
DA:17,2
DA:22,2
DA:31,2
LF:6
LH:6
BRF:0
BRH:0
end_of_record
TN:
SF:config\application.js
FNF:0
FNH:0
DA:1,1
LF:1
LH:1
BRDA:3,0,0,1
BRDA:3,0,1,1
BRF:2
BRH:2
end_of_record
TN:
SF:config\database.js
FNF:0
FNH:0
DA:7,2
DA:9,2
LF:2
LH:2
BRDA:2,0,0,2
BRDA:3,1,0,2
BRDA:4,2,0,2
BRDA:5,3,0,2
BRDA:6,4,0,2
BRF:5
BRH:5
end_of_record
